fatal: addProduct could not be executed because status is not a boolean {"timestamp":"2023-09-17T22:30:01.318Z"}
error: Email does not exits {"timestamp":"2023-09-24T00:34:44.993Z"}
error: Email does not exits {"timestamp":"2023-09-24T00:35:33.831Z"}
error: Email does not exits {"timestamp":"2023-09-24T00:36:01.589Z"}
error: Password must be diferent to previous {"timestamp":"2023-09-24T02:28:56.781Z"}
error: Password must be diferent to previous {"timestamp":"2023-09-24T02:54:57.303Z"}
error: Password must be diferent to previous {"timestamp":"2023-09-24T02:57:24.140Z"}
error: Password must be diferent to previous {"timestamp":"2023-09-24T03:03:48.917Z"}
fatal: addProduct could not be executed because one or more fields are missing: title, description, price, stock, code, category {"timestamp":"2023-10-01T19:56:47.878Z"}
error: LoginSession failed because user or password is not correct {"timestamp":"2023-10-21T20:26:39.707Z"}
error: LoginSession failed because email is not correct {"timestamp":"2023-10-21T20:26:49.315Z"}
error: LoginSession failed because email is not correct {"timestamp":"2023-10-21T20:27:19.683Z"}
error: LoginSession failed because email is not correct {"timestamp":"2023-10-21T20:27:48.152Z"}
error: LoginSession failed because email is not correct {"timestamp":"2023-10-22T13:11:39.922Z"}
error: LoginSession failed because email is not correct {"timestamp":"2023-10-22T14:51:03.139Z"}
error: LoginSession failed because email is not correct {"timestamp":"2023-10-22T15:05:59.534Z"}
fatal: addProduct could not be executed because status is not a boolean {"timestamp":"2023-10-22T16:01:58.502Z"}
fatal: createTicket failed because we do not have stock {"timestamp":"2023-10-22T16:44:22.386Z"}
error: LoginSession failed because email is not correct {"timestamp":"2024-09-08T00:49:25.498Z"}
error: Password must be diferent to previous {"timestamp":"2024-09-09T02:29:05.524Z"}
error: Password must be diferent to previous {"timestamp":"2024-09-09T02:33:42.644Z"}
error: Email does not exits {"timestamp":"2024-09-09T02:38:27.059Z"}
error: Email does not exits {"timestamp":"2024-09-09T02:38:39.714Z"}
error: Email does not exits {"timestamp":"2024-09-09T02:38:52.435Z"}
error: Email does not exits {"timestamp":"2024-09-09T02:40:51.608Z"}
error: Email does not exits {"timestamp":"2024-09-09T02:41:13.257Z"}
error: Email does not exits {"timestamp":"2024-09-09T02:41:25.282Z"}
error: Password must be diferent to previous {"timestamp":"2024-09-09T02:41:35.653Z"}
fatal: addProduct could not be executed because status is not a boolean {"timestamp":"2024-09-09T23:14:58.598Z"}
fatal: addProduct could not be executed because status is not a boolean {"timestamp":"2024-09-09T23:17:51.324Z"}
